<?xml version="1.0" encoding="UTF-8"?>
<testng-results skipped="0" failed="0" ignored="0" total="2" passed="2">
  <reporter-output>
  </reporter-output>
  <suite name="Default suite" duration-ms="45" started-at="2020-10-25T12:27:56 EDT" finished-at="2020-10-25T12:27:56 EDT">
    <groups>
    </groups>
    <test name="Default test" duration-ms="45" started-at="2020-10-25T12:27:56 EDT" finished-at="2020-10-25T12:27:56 EDT">
      <class name="com.hrms.API.steps.practice.TDDConcepts">
        <test-method status="PASS" signature="hello()[pri:0, instance:com.hrms.API.steps.practice.TDDConcepts@7a1ebcd8]" name="hello" duration-ms="6" started-at="2020-10-25T12:27:56 EDT" finished-at="2020-10-25T12:27:56 EDT">
          <reporter-output>
          </reporter-output>
        </test-method> <!-- hello -->
        <test-method status="PASS" signature="welcome()[pri:0, instance:com.hrms.API.steps.practice.TDDConcepts@7a1ebcd8]" name="welcome" duration-ms="3" started-at="2020-10-25T12:27:56 EDT" depends-on-methods="com.hrms.API.steps.practice.TDDConcepts.hello" finished-at="2020-10-25T12:27:56 EDT">
          <reporter-output>
          </reporter-output>
        </test-method> <!-- welcome -->
      </class> <!-- com.hrms.API.steps.practice.TDDConcepts -->
    </test> <!-- Default test -->
  </suite> <!-- Default suite -->
</testng-results>
